<?xml version="1.0" encoding="UTF-8"?>
<!-- Generated by org.testng.reporters.JUnitReportReporter -->
<testsuite skipped="0" hostname="LAPTOP-PPEIE3H2" name="intuitionsoftech.ExcelLib" tests="4" failures="0" timestamp="03 Jul 2018 12:12:44 GMT" time="70.682" errors="0">
  <testcase name="failedTest" time="0.422" classname="intuitionsoftech.ExcelLib"/>
  <testcase name="showProperties" time="0.003" classname="intuitionsoftech.ExcelLib"/>
  <testcase name="thaiMassage" time="42.564" classname="intuitionsoftech.ExcelLib"/>
  <testcase name="japaneseMassage" time="27.693" classname="intuitionsoftech.ExcelLib"/>
</testsuite> <!-- intuitionsoftech.ExcelLib -->
